<?xml version="1.0" encoding="UTF-8"?>
<!-- Generated by org.testng.reporters.JUnitXMLReporter -->
<testsuite ignored="1" hostname="DESKTOP-KNGCGF8" failures="0" tests="2" name="Default test" time="40.056" errors="0" timestamp="2024-02-29T20:34:00 BDT">
  <testcase classname="testcases.DarazLoginPageTest" name="testLoginInvalidCredential" time="16.981"/>
  <testcase classname="testcases.DarazLoginPageTest" name="testLoginInvalidCredential" time="18.207"/>
  <testcase classname="testcases.DarazLoginPageTest" name="testLoginInvalidData" time="0.0">
    <ignored/>
  </testcase> <!-- testLoginInvalidData -->
</testsuite> <!-- Default test -->
