<?xml version="1.0" encoding="UTF-8"?>
<!-- Generated by org.testng.reporters.JUnitXMLReporter -->
<testsuite ignored="1" hostname="DESKTOP-KNGCGF8" failures="0" tests="1" name="Default test" time="69.779" errors="0" timestamp="2024-02-28T22:25:06 BDT">
  <testcase classname="testcases.DarazHomePageTest" name="ScrollVisaCard" time="67.105"/>
  <testcase classname="testcases.DarazHomePageTest" name="darazHome" time="0.0">
    <ignored/>
  </testcase> <!-- darazHome -->
</testsuite> <!-- Default test -->
