<?xml version="1.0" encoding="UTF-8"?>
<!-- Generated by org.testng.reporters.JUnitXMLReporter -->
<testsuite ignored="0" hostname="DESKTOP-KNGCGF8" failures="0" tests="5" name="Test" time="126.582" errors="0" timestamp="2024-02-24T20:28:42 BDT">
  <testcase classname="testcases.DarazHelpCentrePageTest" name="testHelpCenter" time="4.711"/>
  <testcase classname="testcases.DarazSignUpPageTest" name="clickSignUpBlandData" time="10.994"/>
  <testcase classname="testcases.DarazLoginPageTest" name="testLoginInvalidData" time="45.103"/>
  <testcase classname="testcases.DarazSignUpPageTest" name="validDataSignUp" time="25.235"/>
  <testcase classname="testcases.DarazHomePageTest" name="darazHome" time="120.792"/>
</testsuite> <!-- Test -->
