<?xml version="1.0" encoding="UTF-8"?>
<!-- Generated by org.testng.reporters.JUnitXMLReporter -->
<testsuite ignored="6" hostname="DESKTOP-KNGCGF8" failures="0" tests="5" name="Test" time="99.868" errors="0" timestamp="2024-02-24T00:14:02 BDT">
  <testcase classname="testcases.DarazHomePageTest" name="darazHome" time="55.716"/>
  <testcase classname="testcases.DarazHelpCentrePageTest" name="testHelpCenter" time="1.122"/>
  <testcase classname="testcases.DarazLoginPageTest" name="testLoginInvalidData" time="14.22"/>
  <testcase classname="testcases.DarazSignUpPageTest" name="clickSignUpBlandData" time="5.785"/>
  <testcase classname="testcases.DarazSignUpPageTest" name="validDataSignUp" time="20.166"/>
  <testcase classname="utilities.DriverSetUp" name="@BeforeTest setBrowser" time="0.0">
    <ignored/>
  </testcase> <!-- @BeforeTest setBrowser -->
  <testcase classname="utilities.DriverSetUp" name="@AfterTest qhuitBrowser" time="0.0">
    <ignored/>
  </testcase> <!-- @AfterTest qhuitBrowser -->
  <testcase classname="utilities.DriverSetUp" name="@BeforeTest setBrowser" time="0.0">
    <ignored/>
  </testcase> <!-- @BeforeTest setBrowser -->
  <testcase classname="utilities.DriverSetUp" name="@BeforeTest setBrowser" time="0.0">
    <ignored/>
  </testcase> <!-- @BeforeTest setBrowser -->
  <testcase classname="utilities.DriverSetUp" name="@AfterTest qhuitBrowser" time="0.0">
    <ignored/>
  </testcase> <!-- @AfterTest qhuitBrowser -->
  <testcase classname="utilities.DriverSetUp" name="@AfterTest qhuitBrowser" time="0.0">
    <ignored/>
  </testcase> <!-- @AfterTest qhuitBrowser -->
</testsuite> <!-- Test -->
