<?xml version="1.0" encoding="UTF-8"?>
<!-- Generated by org.testng.reporters.JUnitXMLReporter -->
<testsuite ignored="0" hostname="DESKTOP-KNGCGF8" failures="0" tests="5" name="Test" time="77.98" errors="0" timestamp="2024-02-24T13:56:51 BDT">
  <testcase classname="testcases.DarazHelpCentrePageTest" name="testHelpCenter" time="1.151"/>
  <testcase classname="testcases.DarazSignUpPageTest" name="clickSignUpBlandData" time="11.505"/>
  <testcase classname="testcases.DarazLoginPageTest" name="testLoginInvalidData" time="34.11"/>
  <testcase classname="testcases.DarazSignUpPageTest" name="validDataSignUp" time="25.593"/>
  <testcase classname="testcases.DarazHomePageTest" name="darazHome" time="72.213"/>
</testsuite> <!-- Test -->
