<?xml version="1.0" encoding="UTF-8"?>
<testng-results ignored="0" total="5" passed="5" failed="0" skipped="0">
  <reporter-output>
  </reporter-output>
  <suite started-at="2024-02-24T13:55:33 BDT" name="Suite" finished-at="2024-02-24T13:56:51 BDT" duration-ms="77980">
    <groups>
    </groups>
    <test started-at="2024-02-24T13:55:33 BDT" name="Test" finished-at="2024-02-24T13:56:51 BDT" duration-ms="77980">
      <class name="testcases.DarazLoginPageTest">
        <test-method is-config="true" signature="setBrowser()[pri:0, instance:testcases.DarazLoginPageTest@59309333]" started-at="2024-02-24T13:55:33 BDT" name="setBrowser" finished-at="2024-02-24T13:55:37 BDT" duration-ms="3980" status="PASS">
          <reporter-output>
          </reporter-output>
        </test-method> <!-- setBrowser -->
        <test-method signature="testLoginInvalidData()[pri:0, instance:testcases.DarazLoginPageTest@59309333]" started-at="2024-02-24T13:55:37 BDT" name="testLoginInvalidData" finished-at="2024-02-24T13:56:11 BDT" duration-ms="34110" status="PASS">
          <reporter-output>
          </reporter-output>
        </test-method> <!-- testLoginInvalidData -->
        <test-method is-config="true" signature="qhuitBrowser()[pri:0, instance:testcases.DarazLoginPageTest@59309333]" started-at="2024-02-24T13:56:11 BDT" name="qhuitBrowser" finished-at="2024-02-24T13:56:12 BDT" duration-ms="469" status="PASS">
          <reporter-output>
          </reporter-output>
        </test-method> <!-- qhuitBrowser -->
      </class> <!-- testcases.DarazLoginPageTest -->
      <class name="testcases.DarazSignUpPageTest">
        <test-method is-config="true" signature="setBrowser()[pri:0, instance:testcases.DarazSignUpPageTest@6b81ce95]" started-at="2024-02-24T13:55:38 BDT" name="setBrowser" finished-at="2024-02-24T13:55:42 BDT" duration-ms="4181" status="PASS">
          <reporter-output>
          </reporter-output>
        </test-method> <!-- setBrowser -->
        <test-method signature="clickSignUpBlandData()[pri:1, instance:testcases.DarazSignUpPageTest@6b81ce95]" started-at="2024-02-24T13:55:42 BDT" name="clickSignUpBlandData" finished-at="2024-02-24T13:55:53 BDT" duration-ms="11505" status="PASS">
          <reporter-output>
          </reporter-output>
        </test-method> <!-- clickSignUpBlandData -->
        <test-method is-config="true" signature="qhuitBrowser()[pri:0, instance:testcases.DarazSignUpPageTest@6b81ce95]" started-at="2024-02-24T13:55:53 BDT" name="qhuitBrowser" finished-at="2024-02-24T13:55:53 BDT" duration-ms="265" status="PASS">
          <reporter-output>
          </reporter-output>
        </test-method> <!-- qhuitBrowser -->
        <test-method is-config="true" signature="setBrowser()[pri:0, instance:testcases.DarazSignUpPageTest@6b81ce95]" started-at="2024-02-24T13:55:53 BDT" name="setBrowser" finished-at="2024-02-24T13:55:56 BDT" duration-ms="2312" status="PASS">
          <reporter-output>
          </reporter-output>
        </test-method> <!-- setBrowser -->
        <test-method signature="validDataSignUp()[pri:2, instance:testcases.DarazSignUpPageTest@6b81ce95]" started-at="2024-02-24T13:55:56 BDT" name="validDataSignUp" finished-at="2024-02-24T13:56:21 BDT" duration-ms="25593" status="PASS">
          <reporter-output>
          </reporter-output>
        </test-method> <!-- validDataSignUp -->
        <test-method is-config="true" signature="qhuitBrowser()[pri:0, instance:testcases.DarazSignUpPageTest@6b81ce95]" started-at="2024-02-24T13:56:21 BDT" name="qhuitBrowser" finished-at="2024-02-24T13:56:22 BDT" duration-ms="132" status="PASS">
          <reporter-output>
          </reporter-output>
        </test-method> <!-- qhuitBrowser -->
      </class> <!-- testcases.DarazSignUpPageTest -->
      <class name="testcases.DarazHomePageTest">
        <test-method is-config="true" signature="setBrowser()[pri:0, instance:testcases.DarazHomePageTest@441772e]" started-at="2024-02-24T13:55:33 BDT" name="setBrowser" finished-at="2024-02-24T13:55:39 BDT" duration-ms="5370" status="PASS">
          <reporter-output>
          </reporter-output>
        </test-method> <!-- setBrowser -->
        <test-method signature="darazHome()[pri:0, instance:testcases.DarazHomePageTest@441772e]" started-at="2024-02-24T13:55:39 BDT" name="darazHome" finished-at="2024-02-24T13:56:51 BDT" duration-ms="72213" status="PASS">
          <reporter-output>
          </reporter-output>
        </test-method> <!-- darazHome -->
        <test-method is-config="true" signature="qhuitBrowser()[pri:0, instance:testcases.DarazHomePageTest@441772e]" started-at="2024-02-24T13:56:51 BDT" name="qhuitBrowser" finished-at="2024-02-24T13:56:51 BDT" duration-ms="347" status="PASS">
          <reporter-output>
          </reporter-output>
        </test-method> <!-- qhuitBrowser -->
      </class> <!-- testcases.DarazHomePageTest -->
      <class name="testcases.DarazHelpCentrePageTest">
        <test-method is-config="true" signature="setBrowser()[pri:0, instance:testcases.DarazHelpCentrePageTest@6d763516]" started-at="2024-02-24T13:55:33 BDT" name="setBrowser" finished-at="2024-02-24T13:55:36 BDT" duration-ms="2433" status="PASS">
          <reporter-output>
          </reporter-output>
        </test-method> <!-- setBrowser -->
        <test-method signature="testHelpCenter()[pri:0, instance:testcases.DarazHelpCentrePageTest@6d763516]" started-at="2024-02-24T13:55:36 BDT" name="testHelpCenter" finished-at="2024-02-24T13:55:37 BDT" duration-ms="1151" status="PASS">
          <reporter-output>
          </reporter-output>
        </test-method> <!-- testHelpCenter -->
        <test-method is-config="true" signature="qhuitBrowser()[pri:0, instance:testcases.DarazHelpCentrePageTest@6d763516]" started-at="2024-02-24T13:55:37 BDT" name="qhuitBrowser" finished-at="2024-02-24T13:55:38 BDT" duration-ms="718" status="PASS">
          <reporter-output>
          </reporter-output>
        </test-method> <!-- qhuitBrowser -->
      </class> <!-- testcases.DarazHelpCentrePageTest -->
    </test> <!-- Test -->
  </suite> <!-- Suite -->
</testng-results>
