<?xml version="1.0" encoding="UTF-8"?>
<testng-results ignored="0" total="5" passed="5" failed="0" skipped="0">
  <reporter-output>
  </reporter-output>
  <suite started-at="2024-02-24T14:07:15 BDT" name="Suite" finished-at="2024-02-24T14:08:32 BDT" duration-ms="77239">
    <groups>
    </groups>
    <test started-at="2024-02-24T14:07:15 BDT" name="Test" finished-at="2024-02-24T14:08:32 BDT" duration-ms="77239">
      <class name="testcases.DarazLoginPageTest">
        <test-method is-config="true" signature="setBrowser()[pri:0, instance:testcases.DarazLoginPageTest@5340477f]" started-at="2024-02-24T14:07:15 BDT" name="setBrowser" finished-at="2024-02-24T14:07:19 BDT" duration-ms="4133" status="PASS">
          <reporter-output>
          </reporter-output>
        </test-method> <!-- setBrowser -->
        <test-method signature="testLoginInvalidData()[pri:0, instance:testcases.DarazLoginPageTest@5340477f]" started-at="2024-02-24T14:07:19 BDT" name="testLoginInvalidData" finished-at="2024-02-24T14:07:48 BDT" duration-ms="29189" status="PASS">
          <reporter-output>
          </reporter-output>
        </test-method> <!-- testLoginInvalidData -->
        <test-method is-config="true" signature="qhuitBrowser()[pri:0, instance:testcases.DarazLoginPageTest@5340477f]" started-at="2024-02-24T14:07:48 BDT" name="qhuitBrowser" finished-at="2024-02-24T14:07:48 BDT" duration-ms="327" status="PASS">
          <reporter-output>
          </reporter-output>
        </test-method> <!-- qhuitBrowser -->
      </class> <!-- testcases.DarazLoginPageTest -->
      <class name="testcases.DarazSignUpPageTest">
        <test-method is-config="true" signature="setBrowser()[pri:0, instance:testcases.DarazSignUpPageTest@28cda624]" started-at="2024-02-24T14:07:24 BDT" name="setBrowser" finished-at="2024-02-24T14:07:26 BDT" duration-ms="1732" status="PASS">
          <reporter-output>
          </reporter-output>
        </test-method> <!-- setBrowser -->
        <test-method signature="clickSignUpBlandData()[pri:1, instance:testcases.DarazSignUpPageTest@28cda624]" started-at="2024-02-24T14:07:26 BDT" name="clickSignUpBlandData" finished-at="2024-02-24T14:07:37 BDT" duration-ms="11198" status="PASS">
          <reporter-output>
          </reporter-output>
        </test-method> <!-- clickSignUpBlandData -->
        <test-method is-config="true" signature="qhuitBrowser()[pri:0, instance:testcases.DarazSignUpPageTest@28cda624]" started-at="2024-02-24T14:07:37 BDT" name="qhuitBrowser" finished-at="2024-02-24T14:07:38 BDT" duration-ms="564" status="PASS">
          <reporter-output>
          </reporter-output>
        </test-method> <!-- qhuitBrowser -->
        <test-method is-config="true" signature="setBrowser()[pri:0, instance:testcases.DarazSignUpPageTest@28cda624]" started-at="2024-02-24T14:07:38 BDT" name="setBrowser" finished-at="2024-02-24T14:07:41 BDT" duration-ms="3002" status="PASS">
          <reporter-output>
          </reporter-output>
        </test-method> <!-- setBrowser -->
        <test-method signature="validDataSignUp()[pri:2, instance:testcases.DarazSignUpPageTest@28cda624]" started-at="2024-02-24T14:07:41 BDT" name="validDataSignUp" finished-at="2024-02-24T14:08:05 BDT" duration-ms="24355" status="PASS">
          <reporter-output>
          </reporter-output>
        </test-method> <!-- validDataSignUp -->
        <test-method is-config="true" signature="qhuitBrowser()[pri:0, instance:testcases.DarazSignUpPageTest@28cda624]" started-at="2024-02-24T14:08:05 BDT" name="qhuitBrowser" finished-at="2024-02-24T14:08:06 BDT" duration-ms="226" status="PASS">
          <reporter-output>
          </reporter-output>
        </test-method> <!-- qhuitBrowser -->
      </class> <!-- testcases.DarazSignUpPageTest -->
      <class name="testcases.DarazHomePageTest">
        <test-method is-config="true" signature="setBrowser()[pri:0, instance:testcases.DarazHomePageTest@4b8d604b]" started-at="2024-02-24T14:07:15 BDT" name="setBrowser" finished-at="2024-02-24T14:07:24 BDT" duration-ms="9034" status="PASS">
          <reporter-output>
          </reporter-output>
        </test-method> <!-- setBrowser -->
        <test-method signature="darazHome()[pri:0, instance:testcases.DarazHomePageTest@4b8d604b]" started-at="2024-02-24T14:07:24 BDT" name="darazHome" finished-at="2024-02-24T14:08:31 BDT" duration-ms="67817" status="PASS">
          <reporter-output>
          </reporter-output>
        </test-method> <!-- darazHome -->
        <test-method is-config="true" signature="qhuitBrowser()[pri:0, instance:testcases.DarazHomePageTest@4b8d604b]" started-at="2024-02-24T14:08:31 BDT" name="qhuitBrowser" finished-at="2024-02-24T14:08:32 BDT" duration-ms="313" status="PASS">
          <reporter-output>
          </reporter-output>
        </test-method> <!-- qhuitBrowser -->
      </class> <!-- testcases.DarazHomePageTest -->
      <class name="testcases.DarazHelpCentrePageTest">
        <test-method is-config="true" signature="setBrowser()[pri:0, instance:testcases.DarazHelpCentrePageTest@7eecb5b8]" started-at="2024-02-24T14:07:15 BDT" name="setBrowser" finished-at="2024-02-24T14:07:21 BDT" duration-ms="6082" status="PASS">
          <reporter-output>
          </reporter-output>
        </test-method> <!-- setBrowser -->
        <test-method signature="testHelpCenter()[pri:0, instance:testcases.DarazHelpCentrePageTest@7eecb5b8]" started-at="2024-02-24T14:07:21 BDT" name="testHelpCenter" finished-at="2024-02-24T14:07:24 BDT" duration-ms="3295" status="PASS">
          <reporter-output>
          </reporter-output>
        </test-method> <!-- testHelpCenter -->
        <test-method is-config="true" signature="qhuitBrowser()[pri:0, instance:testcases.DarazHelpCentrePageTest@7eecb5b8]" started-at="2024-02-24T14:07:24 BDT" name="qhuitBrowser" finished-at="2024-02-24T14:07:24 BDT" duration-ms="359" status="PASS">
          <reporter-output>
          </reporter-output>
        </test-method> <!-- qhuitBrowser -->
      </class> <!-- testcases.DarazHelpCentrePageTest -->
    </test> <!-- Test -->
  </suite> <!-- Suite -->
</testng-results>
